Arguments: 
  /Users/vsg/.nvm/versions/node/v16.16.0/bin/node /Users/vsg/.nvm/versions/node/v16.16.0/bin/yarn

PATH: 
  /Users/vsg/.nvm/versions/node/v16.16.0/bin:/opt/homebrew/bin:/opt/homebrew/sbin:/usr/local/bin:/System/Cryptexes/App/usr/bin:/usr/bin:/bin:/usr/sbin:/sbin:/Applications/Keybase.app/Contents/SharedSupport/bin:/Users/vsg/.foundry/bin

Yarn version: 
  1.22.19

Node version: 
  16.16.0

Platform: 
  darwin arm64

Trace: 
  Error: ENOENT: no such file or directory, copyfile '/Users/vsg/Library/Caches/Yarn/v6/npm-slash-3.0.0-6539be870c165adbd5240220dbe361f1bc4d4634-integrity/node_modules/slash/license' -> '/Users/vsg/Work/stackly-ui/node_modules/@typescript-eslint/typescript-estree/node_modules/slash/license'

npm manifest: 
  {
    "repository": "https://github.com/vercel/examples.git",
    "license": "MIT",
    "private": true,
    "workspaces": [
      "apps/*",
      "packages/*"
    ],
    "scripts": {
      "build": "turbo run build",
      "dev": "turbo run dev",
      "start": "turbo run start",
      "lint": "turbo run lint",
      "clean": "turbo run clean"
    },
    "devDependencies": {
      "eslint": "^8.28.0",
      "eslint-config-turbo": "latest",
      "turbo": "^1.8.3"
    }
  }

yarn manifest: 
  No manifest

Lockfile: 
  No lockfile
