yarn run v1.22.19
$ next build
warn  - Invalid next.config.js options detected: 
warn  -     The value at .experimental has an unexpected property, transpilePackages, which is not in the list of allowed properties (appDocumentPreloading, adjustFontFallbacks, adjustFontFallbacksWithSizeAdjust, allowedRevalidateHeaderKeys, amp, clientRouterFilter, clientRouterFilterRedirects, clientRouterFilterAllowedRate, cpus, craCompat, disableOptimizedLoading, disablePostcssPresetEnv, esmExternals, appDir, serverActions, extensionAlias, externalDir, externalMiddlewareRewritesResolve, fallbackNodePolyfills, fetchCacheKeyPrefix, forceSwcTransforms, fullySpecified, gzipSize, incrementalCacheHandlerPath, isrFlushToDisk, isrMemoryCacheSize, largePageDataBytes, legacyBrowsers, manualClientBasePath, middlewarePrefetch, newNextLinkBehavior, nextScriptWorkers, optimizeCss, optimisticClientCache, outputFileTracingRoot, outputFileTracingExcludes, outputFileTracingIgnores, outputFileTracingIncludes, pageEnv, proxyTimeout, serverComponentsExternalPackages, scrollRestoration, sharedPool, sri, strictNextHead, swcFileReading, swcMinify, swcPlugins, swcTraceProfiling, urlImports, workerThreads, webVitalsAttribution, mdxRs, typedRoutes, webpackBuildWorker, turbo, instrumentationHook, turbotrace).
warn  - See more info here: https://nextjs.org/docs/messages/invalid-next-config
warn  - You have enabled experimental feature (transpilePackages) in next.config.js.
warn  - Experimental features are not covered by semver, and may cause unexpected or broken application behavior. Use at your own risk.

warn  - `transpilePackages` has been moved out of `experimental`. Please update your next.config.js file accordingly.
info  - Linting and checking validity of types...
info  - Creating an optimized production build...
info  - Compiled successfully
info  - Collecting page data...
info  - Generating static pages (0/3)
info  - Generating static pages (3/3)
info  - Finalizing page optimization...

Route (pages)                              Size     First Load JS
┌ ○ /                                      1.01 kB        80.1 kB
├   /_app                                  0 B            79.1 kB
└ ○ /404                                   181 B          79.3 kB
+ First Load JS shared by all              81.1 kB
  ├ chunks/framework-19f3649580393c10.js   45.2 kB
  ├ chunks/main-6504fb04468b79f1.js        26.8 kB
  ├ chunks/pages/_app-e90a798a5fc88587.js  6.28 kB
  ├ chunks/webpack-8fa1640cc84ba8fe.js     750 B
  └ css/ca6b7bc08d3c5b06.css               2 kB

○  (Static)  automatically rendered as static HTML (uses no initial props)

Done in 13.79s.
